Using pre-set license
Built from '2021.1/staging' branch; Version is '2021.1.7f1 (d91830b65d9b) revision 14227504'; Using compiler version '192528614'; Build Type 'Release'
OS: 'Windows 10 Home; OS build 19043.1348; Version 2009; 64bit' Language: 'de' Physical Memory: 16142 MB
BatchMode: 1, IsHumanControllingUs: 0, StartBugReporterOnCrash: 0, Is64bit: 1, IsPro: 0

 COMMAND LINE ARGUMENTS:
C:\Program Files\Unity\Hub\Editor\2021.1.7f1\Editor\Unity.exe
-adb2
-batchMode
-noUpm
-name
AssetImportWorker1
-projectPath
C:/GithubProjects/Space_Invaders_Thijs/SpaceInvadersThijs
-logFile
Logs/AssetImportWorker1.log
-srvPort
55483
Successfully changed project path to: C:/GithubProjects/Space_Invaders_Thijs/SpaceInvadersThijs
C:/GithubProjects/Space_Invaders_Thijs/SpaceInvadersThijs
Using Asset Import Pipeline V2.
Refreshing native plugins compatible for Editor in 92.46 ms, found 2 plugins.
Preloading 0 native plugins for Editor in 0.00 ms.
Initialize engine version: 2021.1.7f1 (d91830b65d9b)
[Subsystems] Discovering subsystems at path C:/Program Files/Unity/Hub/Editor/2021.1.7f1/Editor/Data/Resources/UnitySubsystems
[Subsystems] Discovering subsystems at path C:/GithubProjects/Space_Invaders_Thijs/SpaceInvadersThijs/Assets
GfxDevice: creating device client; threaded=0; jobified=0
Direct3D:
    Version:  Direct3D 11.0 [level 11.1]
    Renderer: NVIDIA GeForce RTX 2080 with Max-Q Design (ID=0x1e90)
    Vendor:   NVIDIA
    VRAM:     8010 MB
    Driver:   30.0.14.9709
Initialize mono
Mono path[0] = 'C:/Program Files/Unity/Hub/Editor/2021.1.7f1/Editor/Data/Managed'
Mono path[1] = 'C:/Program Files/Unity/Hub/Editor/2021.1.7f1/Editor/Data/MonoBleedingEdge/lib/mono/unityjit'
Mono config path = 'C:/Program Files/Unity/Hub/Editor/2021.1.7f1/Editor/Data/MonoBleedingEdge/etc'
Using monoOptions --debugger-agent=transport=dt_socket,embedding=1,server=y,suspend=n,address=127.0.0.1:56232
Begin MonoManager ReloadAssembly
Registering precompiled unity dll's ...
Register platform support module: C:/Program Files/Unity/Hub/Editor/2021.1.7f1/Editor/Data/PlaybackEngines/WebGLSupport/UnityEditor.WebGL.Extensions.dll
Register platform support module: C:/Program Files/Unity/Hub/Editor/2021.1.7f1/Editor/Data/PlaybackEngines/MacStandaloneSupport/UnityEditor.OSXStandalone.Extensions.dll
Register platform support module: C:/Program Files/Unity/Hub/Editor/2021.1.7f1/Editor/Data/PlaybackEngines/WindowsStandaloneSupport/UnityEditor.WindowsStandalone.Extensions.dll
Registered in 0.002607 seconds.
Native extension for WindowsStandalone target not found
Native extension for OSXStandalone target not found
Native extension for WebGL target not found
Refreshing native plugins compatible for Editor in 90.70 ms, found 2 plugins.
Preloading 0 native plugins for Editor in 0.00 ms.
Mono: successfully reloaded assembly
- Completed reload, in  2.306 seconds
Platform modules already initialized, skipping
Registering precompiled user dll's ...
Registered in 0.002546 seconds.
Begin MonoManager ReloadAssembly
Symbol file LoadedFromMemory doesn't match image C:\GithubProjects\Space_Invaders_Thijs\SpaceInvadersThijs\Library\PackageCache\com.unity.visualscripting@1.6.1\Editor\VisualScripting.Core\Dependencies\YamlDotNet\Unity.VisualScripting.YamlDotNet.dll
Symbol file LoadedFromMemory doesn't match image C:\GithubProjects\Space_Invaders_Thijs\SpaceInvadersThijs\Library\PackageCache\com.unity.visualscripting@1.6.1\Editor\VisualScripting.Core\Dependencies\DotNetZip\Unity.VisualScripting.IonicZip.dll
Native extension for WindowsStandalone target not found
Native extension for OSXStandalone target not found
Native extension for WebGL target not found
Refreshing native plugins compatible for Editor in 100.66 ms, found 2 plugins.
Preloading 0 native plugins for Editor in 0.00 ms.
Mono: successfully reloaded assembly
- Completed reload, in  1.114 seconds
Platform modules already initialized, skipping
========================================================================
Worker process is ready to serve import requests
Launched and connected shader compiler UnityShaderCompiler.exe after 0.05 seconds
Refreshing native plugins compatible for Editor in 0.68 ms, found 2 plugins.
Preloading 0 native plugins for Editor in 0.00 ms.
Unloading 3382 Unused Serialized files (Serialized files now loaded: 0)
System memory in use before: 128.3 MB.
System memory in use after: 128.3 MB.

Unloading 28 unused Assets to reduce memory usage. Loaded Objects now: 3837.
Total: 2.412400 ms (FindLiveObjects: 0.247700 ms CreateObjectMapping: 0.123500 ms MarkObjects: 1.932400 ms  DeleteObjects: 0.108000 ms)

========================================================================
Received Import Request.
  path: Assets/Prefabs/PlayerProjectiles/ProjectileTriple.prefab
  artifactKey: Guid(edb10eeae18aee044930c2d8cf8beb44) Importer(815301076,1909f56bfc062723c751e8b465ee728b)
Start importing Assets/Prefabs/PlayerProjectiles/ProjectileTriple.prefab using Guid(edb10eeae18aee044930c2d8cf8beb44) Importer(815301076,1909f56bfc062723c751e8b465ee728b)  -> (artifact id: 'aa71bca2881398f02dc3fdcc96254c59') in 0.112545 seconds 
========================================================================
Received Import Request.
  Time since last request: 0.000262 seconds.
  path: Assets/Prefabs/PlayerProjectiles/ProjectileNormal.prefab
  artifactKey: Guid(75832239e69cd9f449dd116a7536b974) Importer(815301076,1909f56bfc062723c751e8b465ee728b)
Start importing Assets/Prefabs/PlayerProjectiles/ProjectileNormal.prefab using Guid(75832239e69cd9f449dd116a7536b974) Importer(815301076,1909f56bfc062723c751e8b465ee728b)  -> (artifact id: '62b0d044e2741235d70857e08650d305') in 0.016077 seconds 
========================================================================
Received Import Request.
  Time since last request: 0.000268 seconds.
  path: Assets/Prefabs/PlayerProjectiles/ProjectileDouble.prefab
  artifactKey: Guid(88ecff71071dab54ea44bc40ce0fb31b) Importer(815301076,1909f56bfc062723c751e8b465ee728b)
Start importing Assets/Prefabs/PlayerProjectiles/ProjectileDouble.prefab using Guid(88ecff71071dab54ea44bc40ce0fb31b) Importer(815301076,1909f56bfc062723c751e8b465ee728b)  -> (artifact id: '3f20eed5fd3c03da3ce5f048a71eafa9') in 0.020512 seconds 
========================================================================
Received Import Request.
  Time since last request: 1.149475 seconds.
  path: Assets/Prefabs/PlayerProjectiles/ProjectileTriple.prefab
  artifactKey: Guid(edb10eeae18aee044930c2d8cf8beb44) Importer(815301076,1909f56bfc062723c751e8b465ee728b)
Start importing Assets/Prefabs/PlayerProjectiles/ProjectileTriple.prefab using Guid(edb10eeae18aee044930c2d8cf8beb44) Importer(815301076,1909f56bfc062723c751e8b465ee728b)  -> (artifact id: 'aa2b1b0134d34e4f2b8d2519a9e7fc27') in 0.010534 seconds 
========================================================================
Received Import Request.
  Time since last request: 1633.763236 seconds.
  path: Assets/Prefabs/ProjectileNPC.prefab
  artifactKey: Guid(5fa922a2f3f0a254992c19d56c74829b) Importer(815301076,1909f56bfc062723c751e8b465ee728b)
Start importing Assets/Prefabs/ProjectileNPC.prefab using Guid(5fa922a2f3f0a254992c19d56c74829b) Importer(815301076,1909f56bfc062723c751e8b465ee728b)  -> (artifact id: '6c3635bba10e7fb0fd04d5d7ef7baea9') in 0.024076 seconds 
========================================================================
Received Prepare
Registering precompiled user dll's ...
Registered in 0.003929 seconds.
Begin MonoManager ReloadAssembly
Symbol file LoadedFromMemory doesn't match image C:\GithubProjects\Space_Invaders_Thijs\SpaceInvadersThijs\Library\PackageCache\com.unity.visualscripting@1.6.1\Editor\VisualScripting.Core\Dependencies\YamlDotNet\Unity.VisualScripting.YamlDotNet.dll
Symbol file LoadedFromMemory doesn't match image C:\GithubProjects\Space_Invaders_Thijs\SpaceInvadersThijs\Library\PackageCache\com.unity.visualscripting@1.6.1\Editor\VisualScripting.Core\Dependencies\DotNetZip\Unity.VisualScripting.IonicZip.dll
Native extension for WindowsStandalone target not found
Native extension for OSXStandalone target not found
Native extension for WebGL target not found
Refreshing native plugins compatible for Editor in 0.57 ms, found 2 plugins.
Preloading 0 native plugins for Editor in 0.00 ms.
Mono: successfully reloaded assembly
- Completed reload, in  0.927 seconds
Platform modules already initialized, skipping
Refreshing native plugins compatible for Editor in 0.53 ms, found 2 plugins.
Preloading 0 native plugins for Editor in 0.00 ms.
Unloading 3377 Unused Serialized files (Serialized files now loaded: 0)
System memory in use before: 131.9 MB.
System memory in use after: 132.0 MB.

Unloading 16 unused Assets to reduce memory usage. Loaded Objects now: 3848.
Total: 2.188800 ms (FindLiveObjects: 0.250000 ms CreateObjectMapping: 0.147900 ms MarkObjects: 1.713600 ms  DeleteObjects: 0.076500 ms)

========================================================================
Received Prepare
Registering precompiled user dll's ...
Registered in 0.002462 seconds.
Begin MonoManager ReloadAssembly
Symbol file LoadedFromMemory doesn't match image C:\GithubProjects\Space_Invaders_Thijs\SpaceInvadersThijs\Library\PackageCache\com.unity.visualscripting@1.6.1\Editor\VisualScripting.Core\Dependencies\YamlDotNet\Unity.VisualScripting.YamlDotNet.dll
Symbol file LoadedFromMemory doesn't match image C:\GithubProjects\Space_Invaders_Thijs\SpaceInvadersThijs\Library\PackageCache\com.unity.visualscripting@1.6.1\Editor\VisualScripting.Core\Dependencies\DotNetZip\Unity.VisualScripting.IonicZip.dll
Native extension for WindowsStandalone target not found
Native extension for OSXStandalone target not found
Native extension for WebGL target not found
Refreshing native plugins compatible for Editor in 0.63 ms, found 2 plugins.
Preloading 0 native plugins for Editor in 0.00 ms.
Mono: successfully reloaded assembly
- Completed reload, in  0.901 seconds
Platform modules already initialized, skipping
Refreshing native plugins compatible for Editor in 0.55 ms, found 2 plugins.
Preloading 0 native plugins for Editor in 0.00 ms.
Unloading 3377 Unused Serialized files (Serialized files now loaded: 0)
System memory in use before: 132.0 MB.
System memory in use after: 132.1 MB.

Unloading 16 unused Assets to reduce memory usage. Loaded Objects now: 3852.
Total: 2.121000 ms (FindLiveObjects: 0.221200 ms CreateObjectMapping: 0.124200 ms MarkObjects: 1.695600 ms  DeleteObjects: 0.079100 ms)

========================================================================
Received Prepare
Registering precompiled user dll's ...
Registered in 0.002412 seconds.
Begin MonoManager ReloadAssembly
Symbol file LoadedFromMemory doesn't match image C:\GithubProjects\Space_Invaders_Thijs\SpaceInvadersThijs\Library\PackageCache\com.unity.visualscripting@1.6.1\Editor\VisualScripting.Core\Dependencies\YamlDotNet\Unity.VisualScripting.YamlDotNet.dll
Symbol file LoadedFromMemory doesn't match image C:\GithubProjects\Space_Invaders_Thijs\SpaceInvadersThijs\Library\PackageCache\com.unity.visualscripting@1.6.1\Editor\VisualScripting.Core\Dependencies\DotNetZip\Unity.VisualScripting.IonicZip.dll
Native extension for WindowsStandalone target not found
Native extension for OSXStandalone target not found
Native extension for WebGL target not found
Refreshing native plugins compatible for Editor in 0.63 ms, found 2 plugins.
Preloading 0 native plugins for Editor in 0.00 ms.
Mono: successfully reloaded assembly
- Completed reload, in  0.859 seconds
Platform modules already initialized, skipping
Refreshing native plugins compatible for Editor in 0.65 ms, found 2 plugins.
Preloading 0 native plugins for Editor in 0.00 ms.
Unloading 3377 Unused Serialized files (Serialized files now loaded: 0)
System memory in use before: 132.0 MB.
System memory in use after: 132.1 MB.

Unloading 16 unused Assets to reduce memory usage. Loaded Objects now: 3856.
Total: 2.275000 ms (FindLiveObjects: 0.235500 ms CreateObjectMapping: 0.153800 ms MarkObjects: 1.801000 ms  DeleteObjects: 0.084000 ms)

========================================================================
Received Prepare
Registering precompiled user dll's ...
Registered in 0.002673 seconds.
Begin MonoManager ReloadAssembly
Symbol file LoadedFromMemory doesn't match image C:\GithubProjects\Space_Invaders_Thijs\SpaceInvadersThijs\Library\PackageCache\com.unity.visualscripting@1.6.1\Editor\VisualScripting.Core\Dependencies\YamlDotNet\Unity.VisualScripting.YamlDotNet.dll
Symbol file LoadedFromMemory doesn't match image C:\GithubProjects\Space_Invaders_Thijs\SpaceInvadersThijs\Library\PackageCache\com.unity.visualscripting@1.6.1\Editor\VisualScripting.Core\Dependencies\DotNetZip\Unity.VisualScripting.IonicZip.dll
Native extension for WindowsStandalone target not found
Native extension for OSXStandalone target not found
Native extension for WebGL target not found
Refreshing native plugins compatible for Editor in 2.48 ms, found 2 plugins.
Preloading 0 native plugins for Editor in 0.00 ms.
Mono: successfully reloaded assembly
- Completed reload, in  0.945 seconds
Platform modules already initialized, skipping
Refreshing native plugins compatible for Editor in 0.58 ms, found 2 plugins.
Preloading 0 native plugins for Editor in 0.00 ms.
Unloading 3377 Unused Serialized files (Serialized files now loaded: 0)
System memory in use before: 132.0 MB.
System memory in use after: 132.1 MB.

Unloading 16 unused Assets to reduce memory usage. Loaded Objects now: 3860.
Total: 2.097100 ms (FindLiveObjects: 0.218400 ms CreateObjectMapping: 0.135500 ms MarkObjects: 1.665100 ms  DeleteObjects: 0.077100 ms)

========================================================================
Received Prepare
Registering precompiled user dll's ...
Registered in 0.002517 seconds.
Begin MonoManager ReloadAssembly
Symbol file LoadedFromMemory doesn't match image C:\GithubProjects\Space_Invaders_Thijs\SpaceInvadersThijs\Library\PackageCache\com.unity.visualscripting@1.6.1\Editor\VisualScripting.Core\Dependencies\YamlDotNet\Unity.VisualScripting.YamlDotNet.dll
Symbol file LoadedFromMemory doesn't match image C:\GithubProjects\Space_Invaders_Thijs\SpaceInvadersThijs\Library\PackageCache\com.unity.visualscripting@1.6.1\Editor\VisualScripting.Core\Dependencies\DotNetZip\Unity.VisualScripting.IonicZip.dll
Native extension for WindowsStandalone target not found
Native extension for OSXStandalone target not found
Native extension for WebGL target not found
Refreshing native plugins compatible for Editor in 0.57 ms, found 2 plugins.
Preloading 0 native plugins for Editor in 0.00 ms.
Mono: successfully reloaded assembly
- Completed reload, in  0.867 seconds
Platform modules already initialized, skipping
Refreshing native plugins compatible for Editor in 0.54 ms, found 2 plugins.
Preloading 0 native plugins for Editor in 0.00 ms.
Unloading 3377 Unused Serialized files (Serialized files now loaded: 0)
System memory in use before: 132.0 MB.
System memory in use after: 132.1 MB.

Unloading 16 unused Assets to reduce memory usage. Loaded Objects now: 3864.
Total: 2.409800 ms (FindLiveObjects: 0.239000 ms CreateObjectMapping: 0.117900 ms MarkObjects: 1.874500 ms  DeleteObjects: 0.177600 ms)

========================================================================
Received Import Request.
  Time since last request: 1821.028481 seconds.
  path: Assets/Prefabs/AlienNormal.prefab
  artifactKey: Guid(85903de7de1e00244aed17094e57a41a) Importer(815301076,1909f56bfc062723c751e8b465ee728b)
Start importing Assets/Prefabs/AlienNormal.prefab using Guid(85903de7de1e00244aed17094e57a41a) Importer(815301076,1909f56bfc062723c751e8b465ee728b)  -> (artifact id: 'f325a092a2ed5e1ab17623c8e2d85aea') in 0.096267 seconds 
========================================================================
Received Import Request.
  Time since last request: 0.000254 seconds.
  path: Assets/Prefabs/NPC_Normal.prefab
  artifactKey: Guid(ecd3369ff2c96564dbd54c58708fac6f) Importer(815301076,1909f56bfc062723c751e8b465ee728b)
Start importing Assets/Prefabs/NPC_Normal.prefab using Guid(ecd3369ff2c96564dbd54c58708fac6f) Importer(815301076,1909f56bfc062723c751e8b465ee728b)  -> (artifact id: '977198b2aeeb95a045edf1c4007c6d77') in 0.014647 seconds 
========================================================================
Received Import Request.
  Time since last request: 11.657565 seconds.
  path: Assets/Prefabs/AlienNormal.prefab
  artifactKey: Guid(85903de7de1e00244aed17094e57a41a) Importer(815301076,1909f56bfc062723c751e8b465ee728b)
Start importing Assets/Prefabs/AlienNormal.prefab using Guid(85903de7de1e00244aed17094e57a41a) Importer(815301076,1909f56bfc062723c751e8b465ee728b)  -> (artifact id: '5131b5f6658e7e82c4205108059d3993') in 0.009612 seconds 
========================================================================
Received Prepare
Registering precompiled user dll's ...
Registered in 0.002540 seconds.
Begin MonoManager ReloadAssembly
Symbol file LoadedFromMemory doesn't match image C:\GithubProjects\Space_Invaders_Thijs\SpaceInvadersThijs\Library\PackageCache\com.unity.visualscripting@1.6.1\Editor\VisualScripting.Core\Dependencies\YamlDotNet\Unity.VisualScripting.YamlDotNet.dll
Symbol file LoadedFromMemory doesn't match image C:\GithubProjects\Space_Invaders_Thijs\SpaceInvadersThijs\Library\PackageCache\com.unity.visualscripting@1.6.1\Editor\VisualScripting.Core\Dependencies\DotNetZip\Unity.VisualScripting.IonicZip.dll
Native extension for WindowsStandalone target not found
Native extension for OSXStandalone target not found
Native extension for WebGL target not found
Refreshing native plugins compatible for Editor in 0.56 ms, found 2 plugins.
Preloading 0 native plugins for Editor in 0.00 ms.
Mono: successfully reloaded assembly
- Completed reload, in  0.898 seconds
Platform modules already initialized, skipping
Refreshing native plugins compatible for Editor in 0.55 ms, found 2 plugins.
Preloading 0 native plugins for Editor in 0.00 ms.
Unloading 3377 Unused Serialized files (Serialized files now loaded: 0)
System memory in use before: 132.5 MB.
System memory in use after: 132.6 MB.

Unloading 16 unused Assets to reduce memory usage. Loaded Objects now: 3869.
Total: 3.509000 ms (FindLiveObjects: 0.329900 ms CreateObjectMapping: 0.480700 ms MarkObjects: 2.483100 ms  DeleteObjects: 0.213700 ms)

========================================================================
Received Prepare
Registering precompiled user dll's ...
Registered in 0.002658 seconds.
Begin MonoManager ReloadAssembly
Symbol file LoadedFromMemory doesn't match image C:\GithubProjects\Space_Invaders_Thijs\SpaceInvadersThijs\Library\PackageCache\com.unity.visualscripting@1.6.1\Editor\VisualScripting.Core\Dependencies\YamlDotNet\Unity.VisualScripting.YamlDotNet.dll
Symbol file LoadedFromMemory doesn't match image C:\GithubProjects\Space_Invaders_Thijs\SpaceInvadersThijs\Library\PackageCache\com.unity.visualscripting@1.6.1\Editor\VisualScripting.Core\Dependencies\DotNetZip\Unity.VisualScripting.IonicZip.dll
Native extension for WindowsStandalone target not found
Native extension for OSXStandalone target not found
Native extension for WebGL target not found
Refreshing native plugins compatible for Editor in 0.87 ms, found 2 plugins.
Preloading 0 native plugins for Editor in 0.00 ms.
Mono: successfully reloaded assembly
- Completed reload, in  0.908 seconds
Platform modules already initialized, skipping
Refreshing native plugins compatible for Editor in 0.78 ms, found 2 plugins.
Preloading 0 native plugins for Editor in 0.00 ms.
Unloading 3377 Unused Serialized files (Serialized files now loaded: 0)
System memory in use before: 132.5 MB.
System memory in use after: 132.6 MB.

Unloading 16 unused Assets to reduce memory usage. Loaded Objects now: 3873.
Total: 2.583500 ms (FindLiveObjects: 0.268900 ms CreateObjectMapping: 0.188100 ms MarkObjects: 2.035300 ms  DeleteObjects: 0.090300 ms)

========================================================================
Received Prepare
Registering precompiled user dll's ...
Registered in 0.002518 seconds.
Begin MonoManager ReloadAssembly
Symbol file LoadedFromMemory doesn't match image C:\GithubProjects\Space_Invaders_Thijs\SpaceInvadersThijs\Library\PackageCache\com.unity.visualscripting@1.6.1\Editor\VisualScripting.Core\Dependencies\YamlDotNet\Unity.VisualScripting.YamlDotNet.dll
Symbol file LoadedFromMemory doesn't match image C:\GithubProjects\Space_Invaders_Thijs\SpaceInvadersThijs\Library\PackageCache\com.unity.visualscripting@1.6.1\Editor\VisualScripting.Core\Dependencies\DotNetZip\Unity.VisualScripting.IonicZip.dll
Native extension for WindowsStandalone target not found
Native extension for OSXStandalone target not found
Native extension for WebGL target not found
Refreshing native plugins compatible for Editor in 0.60 ms, found 2 plugins.
Preloading 0 native plugins for Editor in 0.00 ms.
Mono: successfully reloaded assembly
- Completed reload, in  0.893 seconds
Platform modules already initialized, skipping
Refreshing native plugins compatible for Editor in 0.75 ms, found 2 plugins.
Preloading 0 native plugins for Editor in 0.00 ms.
Unloading 3377 Unused Serialized files (Serialized files now loaded: 0)
System memory in use before: 132.6 MB.
System memory in use after: 132.7 MB.

Unloading 16 unused Assets to reduce memory usage. Loaded Objects now: 3877.
Total: 2.826900 ms (FindLiveObjects: 0.272000 ms CreateObjectMapping: 0.168400 ms MarkObjects: 2.292800 ms  DeleteObjects: 0.092800 ms)

========================================================================
Received Prepare
Registering precompiled user dll's ...
Registered in 0.003093 seconds.
Begin MonoManager ReloadAssembly
Symbol file LoadedFromMemory doesn't match image C:\GithubProjects\Space_Invaders_Thijs\SpaceInvadersThijs\Library\PackageCache\com.unity.visualscripting@1.6.1\Editor\VisualScripting.Core\Dependencies\YamlDotNet\Unity.VisualScripting.YamlDotNet.dll
Symbol file LoadedFromMemory doesn't match image C:\GithubProjects\Space_Invaders_Thijs\SpaceInvadersThijs\Library\PackageCache\com.unity.visualscripting@1.6.1\Editor\VisualScripting.Core\Dependencies\DotNetZip\Unity.VisualScripting.IonicZip.dll
Native extension for WindowsStandalone target not found
Native extension for OSXStandalone target not found
Native extension for WebGL target not found
Refreshing native plugins compatible for Editor in 0.61 ms, found 2 plugins.
Preloading 0 native plugins for Editor in 0.00 ms.
Mono: successfully reloaded assembly
- Completed reload, in  0.929 seconds
Platform modules already initialized, skipping
Refreshing native plugins compatible for Editor in 0.72 ms, found 2 plugins.
Preloading 0 native plugins for Editor in 0.00 ms.
Unloading 3377 Unused Serialized files (Serialized files now loaded: 0)
System memory in use before: 132.6 MB.
System memory in use after: 132.7 MB.

Unloading 16 unused Assets to reduce memory usage. Loaded Objects now: 3881.
Total: 2.718900 ms (FindLiveObjects: 0.292600 ms CreateObjectMapping: 0.168100 ms MarkObjects: 2.172700 ms  DeleteObjects: 0.084900 ms)

========================================================================
Received Prepare
Registering precompiled user dll's ...
Registered in 0.002524 seconds.
Begin MonoManager ReloadAssembly
Symbol file LoadedFromMemory doesn't match image C:\GithubProjects\Space_Invaders_Thijs\SpaceInvadersThijs\Library\PackageCache\com.unity.visualscripting@1.6.1\Editor\VisualScripting.Core\Dependencies\YamlDotNet\Unity.VisualScripting.YamlDotNet.dll
Symbol file LoadedFromMemory doesn't match image C:\GithubProjects\Space_Invaders_Thijs\SpaceInvadersThijs\Library\PackageCache\com.unity.visualscripting@1.6.1\Editor\VisualScripting.Core\Dependencies\DotNetZip\Unity.VisualScripting.IonicZip.dll
Native extension for WindowsStandalone target not found
Native extension for OSXStandalone target not found
Native extension for WebGL target not found
Refreshing native plugins compatible for Editor in 0.58 ms, found 2 plugins.
Preloading 0 native plugins for Editor in 0.00 ms.
Mono: successfully reloaded assembly
- Completed reload, in  0.900 seconds
Platform modules already initialized, skipping
Refreshing native plugins compatible for Editor in 0.58 ms, found 2 plugins.
Preloading 0 native plugins for Editor in 0.00 ms.
Unloading 3377 Unused Serialized files (Serialized files now loaded: 0)
System memory in use before: 132.6 MB.
System memory in use after: 132.7 MB.

Unloading 16 unused Assets to reduce memory usage. Loaded Objects now: 3885.
Total: 2.295800 ms (FindLiveObjects: 0.231300 ms CreateObjectMapping: 0.130200 ms MarkObjects: 1.853000 ms  DeleteObjects: 0.080400 ms)

========================================================================
Received Prepare
Registering precompiled user dll's ...
Registered in 0.002452 seconds.
Begin MonoManager ReloadAssembly
Symbol file LoadedFromMemory doesn't match image C:\GithubProjects\Space_Invaders_Thijs\SpaceInvadersThijs\Library\PackageCache\com.unity.visualscripting@1.6.1\Editor\VisualScripting.Core\Dependencies\YamlDotNet\Unity.VisualScripting.YamlDotNet.dll
Symbol file LoadedFromMemory doesn't match image C:\GithubProjects\Space_Invaders_Thijs\SpaceInvadersThijs\Library\PackageCache\com.unity.visualscripting@1.6.1\Editor\VisualScripting.Core\Dependencies\DotNetZip\Unity.VisualScripting.IonicZip.dll
Native extension for WindowsStandalone target not found
Native extension for OSXStandalone target not found
Native extension for WebGL target not found
Refreshing native plugins compatible for Editor in 0.80 ms, found 2 plugins.
Preloading 0 native plugins for Editor in 0.00 ms.
Mono: successfully reloaded assembly
- Completed reload, in  0.880 seconds
Platform modules already initialized, skipping
Refreshing native plugins compatible for Editor in 0.55 ms, found 2 plugins.
Preloading 0 native plugins for Editor in 0.00 ms.
Unloading 3377 Unused Serialized files (Serialized files now loaded: 0)
System memory in use before: 132.6 MB.
System memory in use after: 132.7 MB.

Unloading 16 unused Assets to reduce memory usage. Loaded Objects now: 3889.
Total: 2.472400 ms (FindLiveObjects: 0.234900 ms CreateObjectMapping: 0.220400 ms MarkObjects: 1.886800 ms  DeleteObjects: 0.129200 ms)

========================================================================
Received Import Request.
  Time since last request: 2363.626099 seconds.
  path: Assets/Sprites/AlienBoss.png
  artifactKey: Guid(b55b92abe2b40c5438c512bf898a5b97) Importer(815301076,1909f56bfc062723c751e8b465ee728b)
Start importing Assets/Sprites/AlienBoss.png using Guid(b55b92abe2b40c5438c512bf898a5b97) Importer(815301076,1909f56bfc062723c751e8b465ee728b)  -> (artifact id: '02622fa9657b6f555da61d9400bfbf30') in 0.071477 seconds 
========================================================================
Received Import Request.
  Time since last request: 12.864602 seconds.
  path: Assets/Sprites/AlienBoss.png
  artifactKey: Guid(b55b92abe2b40c5438c512bf898a5b97) Importer(815301076,1909f56bfc062723c751e8b465ee728b)
Start importing Assets/Sprites/AlienBoss.png using Guid(b55b92abe2b40c5438c512bf898a5b97) Importer(815301076,1909f56bfc062723c751e8b465ee728b)  -> (artifact id: '736e85c9eb5043650ee6c9c88b151362') in 0.009151 seconds 
========================================================================
Received Import Request.
  Time since last request: 31.724779 seconds.
  path: Assets/Prefabs/AlienBoss.prefab
  artifactKey: Guid(55e9563325efe0e489d2041f24daec2b) Importer(815301076,1909f56bfc062723c751e8b465ee728b)
Start importing Assets/Prefabs/AlienBoss.prefab using Guid(55e9563325efe0e489d2041f24daec2b) Importer(815301076,1909f56bfc062723c751e8b465ee728b)  -> (artifact id: '4277d7453d70086ba5f237ae77f80b03') in 0.030069 seconds 
========================================================================
Received Import Request.
  Time since last request: 44.230068 seconds.
  path: Assets/Prefabs/AlienBoss.prefab
  artifactKey: Guid(55e9563325efe0e489d2041f24daec2b) Importer(815301076,1909f56bfc062723c751e8b465ee728b)
Start importing Assets/Prefabs/AlienBoss.prefab using Guid(55e9563325efe0e489d2041f24daec2b) Importer(815301076,1909f56bfc062723c751e8b465ee728b)  -> (artifact id: 'f59c7f1c9021ddd67fe753fb79ef7482') in 0.014288 seconds 
========================================================================
Received Import Request.
  Time since last request: 41.758003 seconds.
  path: Assets/Prefabs/AlienBoss.prefab
  artifactKey: Guid(55e9563325efe0e489d2041f24daec2b) Importer(815301076,1909f56bfc062723c751e8b465ee728b)
Start importing Assets/Prefabs/AlienBoss.prefab using Guid(55e9563325efe0e489d2041f24daec2b) Importer(815301076,1909f56bfc062723c751e8b465ee728b)  -> (artifact id: 'b9e9f9b8e15db3cc2c134e63418870bb') in 0.009943 seconds 
========================================================================
Received Import Request.
  Time since last request: 13.383520 seconds.
  path: Assets/Scripts/NPC/NPC.cs
  artifactKey: Guid(a01cafca655883a4e8e8dd12460f208a) Importer(815301076,1909f56bfc062723c751e8b465ee728b)
Start importing Assets/Scripts/NPC/NPC.cs using Guid(a01cafca655883a4e8e8dd12460f208a) Importer(815301076,1909f56bfc062723c751e8b465ee728b)  -> (artifact id: '6a2b0f5ad7deaf01ad795ec1bd45b000') in 0.010769 seconds 
========================================================================
Received Import Request.
  Time since last request: 0.786139 seconds.
  path: Assets/Scripts/NPC/NPC_Normal.cs
  artifactKey: Guid(78f76607efed8a84f8df58b8ef683676) Importer(815301076,1909f56bfc062723c751e8b465ee728b)
Start importing Assets/Scripts/NPC/NPC_Normal.cs using Guid(78f76607efed8a84f8df58b8ef683676) Importer(815301076,1909f56bfc062723c751e8b465ee728b)  -> (artifact id: '6627b03207f3464765480ee915d844a2') in 0.003057 seconds 
========================================================================
Received Prepare
Registering precompiled user dll's ...
Registered in 0.002505 seconds.
Begin MonoManager ReloadAssembly
Symbol file LoadedFromMemory doesn't match image C:\GithubProjects\Space_Invaders_Thijs\SpaceInvadersThijs\Library\PackageCache\com.unity.visualscripting@1.6.1\Editor\VisualScripting.Core\Dependencies\YamlDotNet\Unity.VisualScripting.YamlDotNet.dll
Symbol file LoadedFromMemory doesn't match image C:\GithubProjects\Space_Invaders_Thijs\SpaceInvadersThijs\Library\PackageCache\com.unity.visualscripting@1.6.1\Editor\VisualScripting.Core\Dependencies\DotNetZip\Unity.VisualScripting.IonicZip.dll
Native extension for WindowsStandalone target not found
Native extension for OSXStandalone target not found
Native extension for WebGL target not found
Refreshing native plugins compatible for Editor in 0.56 ms, found 2 plugins.
Preloading 0 native plugins for Editor in 0.00 ms.
Mono: successfully reloaded assembly
- Completed reload, in  0.899 seconds
Platform modules already initialized, skipping
Refreshing native plugins compatible for Editor in 0.91 ms, found 2 plugins.
Preloading 0 native plugins for Editor in 0.00 ms.
Unloading 3378 Unused Serialized files (Serialized files now loaded: 0)
System memory in use before: 133.5 MB.
System memory in use after: 133.6 MB.

Unloading 16 unused Assets to reduce memory usage. Loaded Objects now: 3926.
Total: 2.897400 ms (FindLiveObjects: 0.295600 ms CreateObjectMapping: 0.173900 ms MarkObjects: 2.311000 ms  DeleteObjects: 0.115900 ms)

========================================================================
Received Import Request.
  Time since last request: 173.127126 seconds.
  path: Assets/Scripts/NPC/NPC_Boss.cs
  artifactKey: Guid(5893febe93772f9468e003a5f7bf81db) Importer(815301076,1909f56bfc062723c751e8b465ee728b)
Start importing Assets/Scripts/NPC/NPC_Boss.cs using Guid(5893febe93772f9468e003a5f7bf81db) Importer(815301076,1909f56bfc062723c751e8b465ee728b)  -> (artifact id: '547226efa2de04303c5fa069f91f7fbd') in 0.011819 seconds 
========================================================================
Received Import Request.
  Time since last request: 8.187936 seconds.
  path: Assets/Prefabs/AlienBoss.prefab
  artifactKey: Guid(55e9563325efe0e489d2041f24daec2b) Importer(815301076,1909f56bfc062723c751e8b465ee728b)
Start importing Assets/Prefabs/AlienBoss.prefab using Guid(55e9563325efe0e489d2041f24daec2b) Importer(815301076,1909f56bfc062723c751e8b465ee728b)  -> (artifact id: '53131812bc6657433483da2f1053dd04') in 0.040241 seconds 
========================================================================
Received Import Request.
  Time since last request: 10.515415 seconds.
  path: Assets/Prefabs/AlienBoss.prefab
  artifactKey: Guid(55e9563325efe0e489d2041f24daec2b) Importer(815301076,1909f56bfc062723c751e8b465ee728b)
Start importing Assets/Prefabs/AlienBoss.prefab using Guid(55e9563325efe0e489d2041f24daec2b) Importer(815301076,1909f56bfc062723c751e8b465ee728b)  -> (artifact id: '03f70207f6017440efa2f6d89c8ddb74') in 0.012357 seconds 
========================================================================
Received Import Request.
  Time since last request: 2.008833 seconds.
  path: Assets/Prefabs/AlienBoss.prefab
  artifactKey: Guid(55e9563325efe0e489d2041f24daec2b) Importer(815301076,1909f56bfc062723c751e8b465ee728b)
Start importing Assets/Prefabs/AlienBoss.prefab using Guid(55e9563325efe0e489d2041f24daec2b) Importer(815301076,1909f56bfc062723c751e8b465ee728b)  -> (artifact id: '89da8ebe6b8174d2a5abef7e4e170eae') in 0.007902 seconds 
========================================================================
Received Import Request.
  Time since last request: 1.859768 seconds.
  path: Assets/Prefabs/AlienBoss.prefab
  artifactKey: Guid(55e9563325efe0e489d2041f24daec2b) Importer(815301076,1909f56bfc062723c751e8b465ee728b)
Start importing Assets/Prefabs/AlienBoss.prefab using Guid(55e9563325efe0e489d2041f24daec2b) Importer(815301076,1909f56bfc062723c751e8b465ee728b)  -> (artifact id: 'b24e3fb2b93b3ac2eb506e434089f39e') in 0.011158 seconds 
========================================================================
Received Import Request.
  Time since last request: 3.921199 seconds.
  path: Assets/Prefabs/AlienBoss.prefab
  artifactKey: Guid(55e9563325efe0e489d2041f24daec2b) Importer(815301076,1909f56bfc062723c751e8b465ee728b)
Start importing Assets/Prefabs/AlienBoss.prefab using Guid(55e9563325efe0e489d2041f24daec2b) Importer(815301076,1909f56bfc062723c751e8b465ee728b)  -> (artifact id: '6049bf34b0824d0e3dc4b16810c3d9b0') in 0.010238 seconds 
========================================================================
Received Import Request.
  Time since last request: 7.684675 seconds.
  path: Assets/Prefabs/AlienBoss.prefab
  artifactKey: Guid(55e9563325efe0e489d2041f24daec2b) Importer(815301076,1909f56bfc062723c751e8b465ee728b)
Start importing Assets/Prefabs/AlienBoss.prefab using Guid(55e9563325efe0e489d2041f24daec2b) Importer(815301076,1909f56bfc062723c751e8b465ee728b)  -> (artifact id: '95f42c488533a768fddb18506d30623e') in 0.010345 seconds 
========================================================================
Received Import Request.
  Time since last request: 3.487699 seconds.
  path: Assets/Prefabs/AlienBoss.prefab
  artifactKey: Guid(55e9563325efe0e489d2041f24daec2b) Importer(815301076,1909f56bfc062723c751e8b465ee728b)
Start importing Assets/Prefabs/AlienBoss.prefab using Guid(55e9563325efe0e489d2041f24daec2b) Importer(815301076,1909f56bfc062723c751e8b465ee728b)  -> (artifact id: 'f8215e36334b71b7b83d47e95ab1b468') in 0.012051 seconds 
========================================================================
Received Import Request.
  Time since last request: 23.311901 seconds.
  path: Assets/Prefabs/AlienBoss.prefab
  artifactKey: Guid(55e9563325efe0e489d2041f24daec2b) Importer(815301076,1909f56bfc062723c751e8b465ee728b)
Start importing Assets/Prefabs/AlienBoss.prefab using Guid(55e9563325efe0e489d2041f24daec2b) Importer(815301076,1909f56bfc062723c751e8b465ee728b)  -> (artifact id: 'd3227a1b7824e5fd9e79201fbac660a1') in 0.011252 seconds 
========================================================================
Received Import Request.
  Time since last request: 2.744882 seconds.
  path: Assets/Prefabs/AlienBoss.prefab
  artifactKey: Guid(55e9563325efe0e489d2041f24daec2b) Importer(815301076,1909f56bfc062723c751e8b465ee728b)
Start importing Assets/Prefabs/AlienBoss.prefab using Guid(55e9563325efe0e489d2041f24daec2b) Importer(815301076,1909f56bfc062723c751e8b465ee728b)  -> (artifact id: '6e3003df2ba1bf6c8123047e11ec1aec') in 0.009332 seconds 
========================================================================
Received Import Request.
  Time since last request: 20.026369 seconds.
  path: Assets/Prefabs/AlienBoss.prefab
  artifactKey: Guid(55e9563325efe0e489d2041f24daec2b) Importer(815301076,1909f56bfc062723c751e8b465ee728b)
Start importing Assets/Prefabs/AlienBoss.prefab using Guid(55e9563325efe0e489d2041f24daec2b) Importer(815301076,1909f56bfc062723c751e8b465ee728b)  -> (artifact id: 'f9d4fe879a66b8250b04f0eda8af4d95') in 0.010523 seconds 
========================================================================
Received Import Request.
  Time since last request: 8.014087 seconds.
  path: Assets/Prefabs/AlienBoss.prefab
  artifactKey: Guid(55e9563325efe0e489d2041f24daec2b) Importer(815301076,1909f56bfc062723c751e8b465ee728b)
Start importing Assets/Prefabs/AlienBoss.prefab using Guid(55e9563325efe0e489d2041f24daec2b) Importer(815301076,1909f56bfc062723c751e8b465ee728b)  -> (artifact id: '0e6ec41a31d4922ff81d68a6ff1c9cd9') in 0.014728 seconds 
========================================================================
Received Prepare
Registering precompiled user dll's ...
Registered in 0.002503 seconds.
Begin MonoManager ReloadAssembly
Symbol file LoadedFromMemory doesn't match image C:\GithubProjects\Space_Invaders_Thijs\SpaceInvadersThijs\Library\PackageCache\com.unity.visualscripting@1.6.1\Editor\VisualScripting.Core\Dependencies\YamlDotNet\Unity.VisualScripting.YamlDotNet.dll
Symbol file LoadedFromMemory doesn't match image C:\GithubProjects\Space_Invaders_Thijs\SpaceInvadersThijs\Library\PackageCache\com.unity.visualscripting@1.6.1\Editor\VisualScripting.Core\Dependencies\DotNetZip\Unity.VisualScripting.IonicZip.dll
Native extension for WindowsStandalone target not found
Native extension for OSXStandalone target not found
Native extension for WebGL target not found
Refreshing native plugins compatible for Editor in 0.55 ms, found 2 plugins.
Preloading 0 native plugins for Editor in 0.00 ms.
Mono: successfully reloaded assembly
- Completed reload, in  0.909 seconds
Platform modules already initialized, skipping
Refreshing native plugins compatible for Editor in 0.70 ms, found 2 plugins.
Preloading 0 native plugins for Editor in 0.00 ms.
Unloading 3377 Unused Serialized files (Serialized files now loaded: 0)
System memory in use before: 133.4 MB.
System memory in use after: 133.5 MB.

Unloading 16 unused Assets to reduce memory usage. Loaded Objects now: 3931.
Total: 2.537800 ms (FindLiveObjects: 0.247900 ms CreateObjectMapping: 0.206300 ms MarkObjects: 2.000800 ms  DeleteObjects: 0.082000 ms)

========================================================================
Received Prepare
Registering precompiled user dll's ...
Registered in 0.003077 seconds.
Begin MonoManager ReloadAssembly
Symbol file LoadedFromMemory doesn't match image C:\GithubProjects\Space_Invaders_Thijs\SpaceInvadersThijs\Library\PackageCache\com.unity.visualscripting@1.6.1\Editor\VisualScripting.Core\Dependencies\YamlDotNet\Unity.VisualScripting.YamlDotNet.dll
Symbol file LoadedFromMemory doesn't match image C:\GithubProjects\Space_Invaders_Thijs\SpaceInvadersThijs\Library\PackageCache\com.unity.visualscripting@1.6.1\Editor\VisualScripting.Core\Dependencies\DotNetZip\Unity.VisualScripting.IonicZip.dll
Native extension for WindowsStandalone target not found
Native extension for OSXStandalone target not found
Native extension for WebGL target not found
Refreshing native plugins compatible for Editor in 0.64 ms, found 2 plugins.
Preloading 0 native plugins for Editor in 0.00 ms.
Mono: successfully reloaded assembly
- Completed reload, in  0.995 seconds
Platform modules already initialized, skipping
Refreshing native plugins compatible for Editor in 0.63 ms, found 2 plugins.
Preloading 0 native plugins for Editor in 0.00 ms.
Unloading 3377 Unused Serialized files (Serialized files now loaded: 0)
System memory in use before: 133.4 MB.
System memory in use after: 133.5 MB.

Unloading 16 unused Assets to reduce memory usage. Loaded Objects now: 3935.
Total: 2.603300 ms (FindLiveObjects: 0.264000 ms CreateObjectMapping: 0.137100 ms MarkObjects: 2.112600 ms  DeleteObjects: 0.088900 ms)

========================================================================
Received Import Request.
  Time since last request: 228.467681 seconds.
  path: Assets/Prefabs/AlienBoss.prefab
  artifactKey: Guid(55e9563325efe0e489d2041f24daec2b) Importer(815301076,1909f56bfc062723c751e8b465ee728b)
Start importing Assets/Prefabs/AlienBoss.prefab using Guid(55e9563325efe0e489d2041f24daec2b) Importer(815301076,1909f56bfc062723c751e8b465ee728b)  -> (artifact id: '41f1012dab093b9d162bd8b25bf44310') in 0.064645 seconds 
========================================================================
Received Prepare
Registering precompiled user dll's ...
Registered in 0.002459 seconds.
Begin MonoManager ReloadAssembly
Symbol file LoadedFromMemory doesn't match image C:\GithubProjects\Space_Invaders_Thijs\SpaceInvadersThijs\Library\PackageCache\com.unity.visualscripting@1.6.1\Editor\VisualScripting.Core\Dependencies\YamlDotNet\Unity.VisualScripting.YamlDotNet.dll
Symbol file LoadedFromMemory doesn't match image C:\GithubProjects\Space_Invaders_Thijs\SpaceInvadersThijs\Library\PackageCache\com.unity.visualscripting@1.6.1\Editor\VisualScripting.Core\Dependencies\DotNetZip\Unity.VisualScripting.IonicZip.dll
Native extension for WindowsStandalone target not found
Native extension for OSXStandalone target not found
Native extension for WebGL target not found
Refreshing native plugins compatible for Editor in 0.57 ms, found 2 plugins.
Preloading 0 native plugins for Editor in 0.00 ms.
Mono: successfully reloaded assembly
- Completed reload, in  0.855 seconds
Platform modules already initialized, skipping
Refreshing native plugins compatible for Editor in 0.60 ms, found 2 plugins.
Preloading 0 native plugins for Editor in 0.00 ms.
Unloading 3377 Unused Serialized files (Serialized files now loaded: 0)
System memory in use before: 133.4 MB.
System memory in use after: 133.5 MB.

Unloading 16 unused Assets to reduce memory usage. Loaded Objects now: 3940.
Total: 2.527800 ms (FindLiveObjects: 0.276000 ms CreateObjectMapping: 0.185500 ms MarkObjects: 1.956000 ms  DeleteObjects: 0.109500 ms)

========================================================================
Received Prepare
Registering precompiled user dll's ...
Registered in 0.002362 seconds.
Begin MonoManager ReloadAssembly
Symbol file LoadedFromMemory doesn't match image C:\GithubProjects\Space_Invaders_Thijs\SpaceInvadersThijs\Library\PackageCache\com.unity.visualscripting@1.6.1\Editor\VisualScripting.Core\Dependencies\YamlDotNet\Unity.VisualScripting.YamlDotNet.dll
Symbol file LoadedFromMemory doesn't match image C:\GithubProjects\Space_Invaders_Thijs\SpaceInvadersThijs\Library\PackageCache\com.unity.visualscripting@1.6.1\Editor\VisualScripting.Core\Dependencies\DotNetZip\Unity.VisualScripting.IonicZip.dll
Native extension for WindowsStandalone target not found
Native extension for OSXStandalone target not found
Native extension for WebGL target not found
Refreshing native plugins compatible for Editor in 0.66 ms, found 2 plugins.
Preloading 0 native plugins for Editor in 0.00 ms.
Mono: successfully reloaded assembly
- Completed reload, in  0.904 seconds
Platform modules already initialized, skipping
Refreshing native plugins compatible for Editor in 0.55 ms, found 2 plugins.
Preloading 0 native plugins for Editor in 0.00 ms.
Unloading 3377 Unused Serialized files (Serialized files now loaded: 0)
System memory in use before: 133.5 MB.
System memory in use after: 133.6 MB.

Unloading 16 unused Assets to reduce memory usage. Loaded Objects now: 3944.
Total: 2.150700 ms (FindLiveObjects: 0.242700 ms CreateObjectMapping: 0.121500 ms MarkObjects: 1.708300 ms  DeleteObjects: 0.077400 ms)

========================================================================
Received Prepare
Registering precompiled user dll's ...
Registered in 0.003555 seconds.
Begin MonoManager ReloadAssembly
Symbol file LoadedFromMemory doesn't match image C:\GithubProjects\Space_Invaders_Thijs\SpaceInvadersThijs\Library\PackageCache\com.unity.visualscripting@1.6.1\Editor\VisualScripting.Core\Dependencies\YamlDotNet\Unity.VisualScripting.YamlDotNet.dll
Symbol file LoadedFromMemory doesn't match image C:\GithubProjects\Space_Invaders_Thijs\SpaceInvadersThijs\Library\PackageCache\com.unity.visualscripting@1.6.1\Editor\VisualScripting.Core\Dependencies\DotNetZip\Unity.VisualScripting.IonicZip.dll
Native extension for WindowsStandalone target not found
Native extension for OSXStandalone target not found
Native extension for WebGL target not found
Refreshing native plugins compatible for Editor in 0.59 ms, found 2 plugins.
Preloading 0 native plugins for Editor in 0.00 ms.
Mono: successfully reloaded assembly
- Completed reload, in  1.054 seconds
Platform modules already initialized, skipping
Refreshing native plugins compatible for Editor in 0.66 ms, found 2 plugins.
Preloading 0 native plugins for Editor in 0.00 ms.
Unloading 3377 Unused Serialized files (Serialized files now loaded: 0)
System memory in use before: 133.5 MB.
System memory in use after: 133.6 MB.

Unloading 16 unused Assets to reduce memory usage. Loaded Objects now: 3948.
Total: 3.019200 ms (FindLiveObjects: 0.321500 ms CreateObjectMapping: 0.179300 ms MarkObjects: 2.401600 ms  DeleteObjects: 0.115700 ms)

========================================================================
Received Prepare
Registering precompiled user dll's ...
Registered in 0.002491 seconds.
Begin MonoManager ReloadAssembly
Symbol file LoadedFromMemory doesn't match image C:\GithubProjects\Space_Invaders_Thijs\SpaceInvadersThijs\Library\PackageCache\com.unity.visualscripting@1.6.1\Editor\VisualScripting.Core\Dependencies\YamlDotNet\Unity.VisualScripting.YamlDotNet.dll
Symbol file LoadedFromMemory doesn't match image C:\GithubProjects\Space_Invaders_Thijs\SpaceInvadersThijs\Library\PackageCache\com.unity.visualscripting@1.6.1\Editor\VisualScripting.Core\Dependencies\DotNetZip\Unity.VisualScripting.IonicZip.dll
Native extension for WindowsStandalone target not found
Native extension for OSXStandalone target not found
Native extension for WebGL target not found
Refreshing native plugins compatible for Editor in 0.56 ms, found 2 plugins.
Preloading 0 native plugins for Editor in 0.00 ms.
Mono: successfully reloaded assembly
- Completed reload, in  0.902 seconds
Platform modules already initialized, skipping
Refreshing native plugins compatible for Editor in 0.61 ms, found 2 plugins.
Preloading 0 native plugins for Editor in 0.00 ms.
Unloading 3377 Unused Serialized files (Serialized files now loaded: 0)
System memory in use before: 133.5 MB.
System memory in use after: 133.6 MB.

Unloading 16 unused Assets to reduce memory usage. Loaded Objects now: 3952.
Total: 2.572400 ms (FindLiveObjects: 0.245000 ms CreateObjectMapping: 0.140100 ms MarkObjects: 2.097300 ms  DeleteObjects: 0.089300 ms)

========================================================================
Received Prepare
Registering precompiled user dll's ...
Registered in 0.003384 seconds.
Begin MonoManager ReloadAssembly
Symbol file LoadedFromMemory doesn't match image C:\GithubProjects\Space_Invaders_Thijs\SpaceInvadersThijs\Library\PackageCache\com.unity.visualscripting@1.6.1\Editor\VisualScripting.Core\Dependencies\YamlDotNet\Unity.VisualScripting.YamlDotNet.dll
Symbol file LoadedFromMemory doesn't match image C:\GithubProjects\Space_Invaders_Thijs\SpaceInvadersThijs\Library\PackageCache\com.unity.visualscripting@1.6.1\Editor\VisualScripting.Core\Dependencies\DotNetZip\Unity.VisualScripting.IonicZip.dll
Native extension for WindowsStandalone target not found
Native extension for OSXStandalone target not found
Native extension for WebGL target not found
Refreshing native plugins compatible for Editor in 0.60 ms, found 2 plugins.
Preloading 0 native plugins for Editor in 0.00 ms.
Mono: successfully reloaded assembly
- Completed reload, in  0.888 seconds
Platform modules already initialized, skipping
Refreshing native plugins compatible for Editor in 0.78 ms, found 2 plugins.
Preloading 0 native plugins for Editor in 0.00 ms.
Unloading 3377 Unused Serialized files (Serialized files now loaded: 0)
System memory in use before: 133.5 MB.
System memory in use after: 133.6 MB.

Unloading 16 unused Assets to reduce memory usage. Loaded Objects now: 3956.
Total: 2.839400 ms (FindLiveObjects: 0.277700 ms CreateObjectMapping: 0.191300 ms MarkObjects: 2.274200 ms  DeleteObjects: 0.095000 ms)

========================================================================
Received Prepare
Registering precompiled user dll's ...
Registered in 0.003059 seconds.
Begin MonoManager ReloadAssembly
Symbol file LoadedFromMemory doesn't match image C:\GithubProjects\Space_Invaders_Thijs\SpaceInvadersThijs\Library\PackageCache\com.unity.visualscripting@1.6.1\Editor\VisualScripting.Core\Dependencies\YamlDotNet\Unity.VisualScripting.YamlDotNet.dll
Symbol file LoadedFromMemory doesn't match image C:\GithubProjects\Space_Invaders_Thijs\SpaceInvadersThijs\Library\PackageCache\com.unity.visualscripting@1.6.1\Editor\VisualScripting.Core\Dependencies\DotNetZip\Unity.VisualScripting.IonicZip.dll
Native extension for WindowsStandalone target not found
Native extension for OSXStandalone target not found
Native extension for WebGL target not found
Refreshing native plugins compatible for Editor in 0.67 ms, found 2 plugins.
Preloading 0 native plugins for Editor in 0.00 ms.
Mono: successfully reloaded assembly
- Completed reload, in  0.959 seconds
Platform modules already initialized, skipping
Refreshing native plugins compatible for Editor in 0.71 ms, found 2 plugins.
Preloading 0 native plugins for Editor in 0.00 ms.
Unloading 3377 Unused Serialized files (Serialized files now loaded: 0)
System memory in use before: 133.5 MB.
System memory in use after: 133.6 MB.

Unloading 16 unused Assets to reduce memory usage. Loaded Objects now: 3960.
Total: 3.001400 ms (FindLiveObjects: 0.284600 ms CreateObjectMapping: 0.154900 ms MarkObjects: 2.447600 ms  DeleteObjects: 0.113100 ms)

========================================================================
Received Prepare
Registering precompiled user dll's ...
Registered in 0.002483 seconds.
Begin MonoManager ReloadAssembly
Symbol file LoadedFromMemory doesn't match image C:\GithubProjects\Space_Invaders_Thijs\SpaceInvadersThijs\Library\PackageCache\com.unity.visualscripting@1.6.1\Editor\VisualScripting.Core\Dependencies\YamlDotNet\Unity.VisualScripting.YamlDotNet.dll
Symbol file LoadedFromMemory doesn't match image C:\GithubProjects\Space_Invaders_Thijs\SpaceInvadersThijs\Library\PackageCache\com.unity.visualscripting@1.6.1\Editor\VisualScripting.Core\Dependencies\DotNetZip\Unity.VisualScripting.IonicZip.dll
Native extension for WindowsStandalone target not found
Native extension for OSXStandalone target not found
Native extension for WebGL target not found
Refreshing native plugins compatible for Editor in 0.60 ms, found 2 plugins.
Preloading 0 native plugins for Editor in 0.00 ms.
Mono: successfully reloaded assembly
- Completed reload, in  0.890 seconds
Platform modules already initialized, skipping
Refreshing native plugins compatible for Editor in 0.65 ms, found 2 plugins.
Preloading 0 native plugins for Editor in 0.00 ms.
Unloading 3377 Unused Serialized files (Serialized files now loaded: 0)
System memory in use before: 133.5 MB.
System memory in use after: 133.6 MB.

Unloading 16 unused Assets to reduce memory usage. Loaded Objects now: 3964.
Total: 2.346900 ms (FindLiveObjects: 0.254000 ms CreateObjectMapping: 0.160400 ms MarkObjects: 1.842600 ms  DeleteObjects: 0.089100 ms)

========================================================================
Received Prepare
Registering precompiled user dll's ...
Registered in 0.002867 seconds.
Begin MonoManager ReloadAssembly
Symbol file LoadedFromMemory doesn't match image C:\GithubProjects\Space_Invaders_Thijs\SpaceInvadersThijs\Library\PackageCache\com.unity.visualscripting@1.6.1\Editor\VisualScripting.Core\Dependencies\YamlDotNet\Unity.VisualScripting.YamlDotNet.dll
Symbol file LoadedFromMemory doesn't match image C:\GithubProjects\Space_Invaders_Thijs\SpaceInvadersThijs\Library\PackageCache\com.unity.visualscripting@1.6.1\Editor\VisualScripting.Core\Dependencies\DotNetZip\Unity.VisualScripting.IonicZip.dll
Native extension for WindowsStandalone target not found
Native extension for OSXStandalone target not found
Native extension for WebGL target not found
Refreshing native plugins compatible for Editor in 0.66 ms, found 2 plugins.
Preloading 0 native plugins for Editor in 0.00 ms.
Mono: successfully reloaded assembly
- Completed reload, in  0.869 seconds
Platform modules already initialized, skipping
Refreshing native plugins compatible for Editor in 0.64 ms, found 2 plugins.
Preloading 0 native plugins for Editor in 0.00 ms.
Unloading 3377 Unused Serialized files (Serialized files now loaded: 0)
System memory in use before: 133.5 MB.
System memory in use after: 133.6 MB.

Unloading 16 unused Assets to reduce memory usage. Loaded Objects now: 3968.
Total: 2.317500 ms (FindLiveObjects: 0.281900 ms CreateObjectMapping: 0.123600 ms MarkObjects: 1.829500 ms  DeleteObjects: 0.081800 ms)

========================================================================
Received Prepare
Registering precompiled user dll's ...
Registered in 0.002365 seconds.
Begin MonoManager ReloadAssembly
Symbol file LoadedFromMemory doesn't match image C:\GithubProjects\Space_Invaders_Thijs\SpaceInvadersThijs\Library\PackageCache\com.unity.visualscripting@1.6.1\Editor\VisualScripting.Core\Dependencies\YamlDotNet\Unity.VisualScripting.YamlDotNet.dll
Symbol file LoadedFromMemory doesn't match image C:\GithubProjects\Space_Invaders_Thijs\SpaceInvadersThijs\Library\PackageCache\com.unity.visualscripting@1.6.1\Editor\VisualScripting.Core\Dependencies\DotNetZip\Unity.VisualScripting.IonicZip.dll
Native extension for WindowsStandalone target not found
Native extension for OSXStandalone target not found
Native extension for WebGL target not found
Refreshing native plugins compatible for Editor in 1.32 ms, found 2 plugins.
Preloading 0 native plugins for Editor in 0.00 ms.
Mono: successfully reloaded assembly
- Completed reload, in  0.935 seconds
Platform modules already initialized, skipping
Refreshing native plugins compatible for Editor in 0.59 ms, found 2 plugins.
Preloading 0 native plugins for Editor in 0.00 ms.
Unloading 3377 Unused Serialized files (Serialized files now loaded: 0)
System memory in use before: 133.5 MB.
System memory in use after: 133.6 MB.

Unloading 16 unused Assets to reduce memory usage. Loaded Objects now: 3972.
Total: 2.802800 ms (FindLiveObjects: 0.327300 ms CreateObjectMapping: 0.172500 ms MarkObjects: 2.207900 ms  DeleteObjects: 0.094300 ms)

========================================================================
Received Prepare
Registering precompiled user dll's ...
Registered in 0.002318 seconds.
Begin MonoManager ReloadAssembly
Symbol file LoadedFromMemory doesn't match image C:\GithubProjects\Space_Invaders_Thijs\SpaceInvadersThijs\Library\PackageCache\com.unity.visualscripting@1.6.1\Editor\VisualScripting.Core\Dependencies\YamlDotNet\Unity.VisualScripting.YamlDotNet.dll
Symbol file LoadedFromMemory doesn't match image C:\GithubProjects\Space_Invaders_Thijs\SpaceInvadersThijs\Library\PackageCache\com.unity.visualscripting@1.6.1\Editor\VisualScripting.Core\Dependencies\DotNetZip\Unity.VisualScripting.IonicZip.dll
Native extension for WindowsStandalone target not found
Native extension for OSXStandalone target not found
Native extension for WebGL target not found
Refreshing native plugins compatible for Editor in 0.58 ms, found 2 plugins.
Preloading 0 native plugins for Editor in 0.00 ms.
Mono: successfully reloaded assembly
- Completed reload, in  0.898 seconds
Platform modules already initialized, skipping
Refreshing native plugins compatible for Editor in 0.57 ms, found 2 plugins.
Preloading 0 native plugins for Editor in 0.00 ms.
Unloading 3377 Unused Serialized files (Serialized files now loaded: 0)
System memory in use before: 133.5 MB.
System memory in use after: 133.6 MB.

Unloading 16 unused Assets to reduce memory usage. Loaded Objects now: 3976.
Total: 2.508500 ms (FindLiveObjects: 0.247800 ms CreateObjectMapping: 0.114600 ms MarkObjects: 2.066900 ms  DeleteObjects: 0.078500 ms)

========================================================================
Received Prepare
Registering precompiled user dll's ...
Registered in 0.003252 seconds.
Begin MonoManager ReloadAssembly
Symbol file LoadedFromMemory doesn't match image C:\GithubProjects\Space_Invaders_Thijs\SpaceInvadersThijs\Library\PackageCache\com.unity.visualscripting@1.6.1\Editor\VisualScripting.Core\Dependencies\YamlDotNet\Unity.VisualScripting.YamlDotNet.dll
Symbol file LoadedFromMemory doesn't match image C:\GithubProjects\Space_Invaders_Thijs\SpaceInvadersThijs\Library\PackageCache\com.unity.visualscripting@1.6.1\Editor\VisualScripting.Core\Dependencies\DotNetZip\Unity.VisualScripting.IonicZip.dll
Native extension for WindowsStandalone target not found
Native extension for OSXStandalone target not found
Native extension for WebGL target not found
Refreshing native plugins compatible for Editor in 0.59 ms, found 2 plugins.
Preloading 0 native plugins for Editor in 0.00 ms.
Mono: successfully reloaded assembly
- Completed reload, in  0.966 seconds
Platform modules already initialized, skipping
Refreshing native plugins compatible for Editor in 0.59 ms, found 2 plugins.
Preloading 0 native plugins for Editor in 0.00 ms.
Unloading 3377 Unused Serialized files (Serialized files now loaded: 0)
System memory in use before: 133.6 MB.
System memory in use after: 133.7 MB.

Unloading 16 unused Assets to reduce memory usage. Loaded Objects now: 3980.
Total: 2.460900 ms (FindLiveObjects: 0.267800 ms CreateObjectMapping: 0.124700 ms MarkObjects: 1.986500 ms  DeleteObjects: 0.081100 ms)

AssetImportWorkerClient::OnTransportError - code=2 error=End of file
